<?xml version="1.0" encoding="UTF-8"?>
<!-- Generated by org.testng.reporters.JUnitReportReporter -->
<testsuite hostname="ashish" failures="0" tests="1" name="testcases.SearchPageTest" time="7.245" errors="0" timestamp="2022-03-27T16:42:09 IST" skipped="0">
  <testcase classname="testcases.SearchPageTest" name="showBookSearch" time="7.245"/>
  <system-out/>
</testsuite> <!-- testcases.SearchPageTest -->
