<?xml version="1.0" encoding="UTF-8"?>
<!-- Generated by org.testng.reporters.JUnitReportReporter -->
<testsuite hostname="ashish" failures="0" tests="1" name="testcases.AddtoCartTest" time="30.750" errors="0" timestamp="2022-03-27T16:42:09 IST" skipped="0">
  <testcase classname="testcases.AddtoCartTest" name="addCartTest" time="30.750"/>
  <system-out/>
</testsuite> <!-- testcases.AddtoCartTest -->
