<?xml version="1.0" encoding="UTF-8"?>
<!-- Generated by org.testng.reporters.JUnitReportReporter -->
<testsuite hostname="ashish" failures="0" tests="2" name="testcases.HomepageTest" time="7.322" errors="0" timestamp="2022-03-27T16:42:09 IST" skipped="0">
  <testcase classname="testcases.HomepageTest" name="verifyWishlist" time="3.763"/>
  <system-out/>
  <testcase classname="testcases.HomepageTest" name="verifyOrders" time="3.559"/>
  <system-out/>
</testsuite> <!-- testcases.HomepageTest -->
