<?xml version="1.0" encoding="UTF-8"?>
<!-- Generated by org.testng.reporters.JUnitReportReporter -->
<testsuite hostname="ashish" failures="0" tests="2" name="testcases.IndexPageTest" time="5.660" errors="0" timestamp="2022-03-27T16:42:09 IST" skipped="0">
  <testcase classname="testcases.IndexPageTest" name="verifyLogo" time="2.751"/>
  <system-out/>
  <testcase classname="testcases.IndexPageTest" name="verifyTitle" time="2.909"/>
  <system-out/>
</testsuite> <!-- testcases.IndexPageTest -->
